/*C10*/SET SCHEMA PUBLIC
DISCONNECT
/*C12*/SET SCHEMA PUBLIC
INSERT INTO REQUEST VALUES(10,NULL,NULL,NULL,NULL,NULL,NULL,NULL,' Cong viec 2',NULL,NULL,NULL,NULL,10,0,'2014-08-31 00:00:00.000000',NULL,NULL,NULL,NULL,NULL,NULL,NULL,NULL,NULL,NULL,NULL,NULL,NULL,NULL,NULL,'Task',NULL,NULL,'2014-08-01 00:00:00.000000',NULL,'Cong viec 2',NULL,4,NULL,NULL,6)
COMMIT
INSERT INTO WATCHER VALUES(1,NULL,NULL,NULL,NULL,NULL,NULL,NULL,NULL,NULL,NULL,10,4)
COMMIT
DELETE FROM REQUEST WHERE ID=10
INSERT INTO REQUEST VALUES(10,'002','null null',0,'',NULL,NULL,NULL,' Cong viec 2','2014-08-28 14:54:26.481000','001','user',1,10,0,'2014-08-31 00:00:00.000000','',NULL,NULL,NULL,NULL,NULL,NULL,NULL,NULL,NULL,'010','Mr Manager',0,NULL,NULL,'Task',1,'C\u00f4ng vi\u1ec7c','2014-08-01 00:00:00.000000','Created','Cong viec 2',NULL,4,1,NULL,6)
COMMIT
INSERT INTO REQUEST VALUES(11,NULL,NULL,NULL,NULL,NULL,NULL,NULL,'Cong viec 3',NULL,NULL,NULL,NULL,10,0,'2014-08-31 00:00:00.000000',NULL,NULL,NULL,NULL,NULL,NULL,NULL,NULL,NULL,NULL,NULL,NULL,NULL,NULL,NULL,'Task',NULL,NULL,'2014-08-01 00:00:00.000000',NULL,'Cong viec 3',NULL,6,NULL,NULL,5)
COMMIT
DELETE FROM REQUEST WHERE ID=11
INSERT INTO REQUEST VALUES(11,'010','Mr Manager',0,'',NULL,NULL,NULL,'Cong viec 3','2014-08-28 15:08:20.011000','001','user',1,10,0,'2014-08-31 00:00:00.000000','',NULL,NULL,NULL,NULL,NULL,NULL,NULL,NULL,NULL,'000','Mr Admin',0,NULL,NULL,'Task',1,'C\u00f4ng vi\u1ec7c','2014-08-01 00:00:00.000000','Created','Cong viec 3',NULL,6,1,NULL,5)
COMMIT
DELETE FROM REQUEST WHERE ID=11
INSERT INTO REQUEST VALUES(11,'010','Mr Manager',1,'',NULL,NULL,NULL,'Cong viec 3','2014-08-28 15:08:20.011000','001','user',1,10,0,'2014-08-31 00:00:00.000000','',NULL,NULL,NULL,NULL,NULL,NULL,NULL,NULL,NULL,'000','Mr Admin',0,NULL,NULL,'Task',1,'C\u00f4ng vi\u1ec7c','2014-08-01 00:00:00.000000','Created','Cong viec 3',NULL,6,1,NULL,5)
COMMIT
/*C11*/SET SCHEMA PUBLIC
DELETE FROM REQUEST WHERE ID=11
INSERT INTO REQUEST VALUES(11,'010','Mr Manager',1,'',NULL,NULL,NULL,'Cong viec 3','2014-08-28 15:08:20.011000','001','user',0,10,0,'2014-08-31 00:00:00.000000','',NULL,NULL,NULL,NULL,NULL,'2014-08-28 15:09:36.618000',NULL,NULL,NULL,'000','Mr Admin',0,NULL,NULL,'Task',1,'C\u00f4ng vi\u1ec7c','2014-08-01 00:00:00.000000','Doing','Cong viec 3',NULL,6,1,NULL,5)
COMMIT
/*C13*/SET SCHEMA PUBLIC
DISCONNECT
/*C14*/SET SCHEMA PUBLIC
DELETE FROM REQUEST WHERE ID=11
INSERT INTO REQUEST VALUES(11,'010','Mr Manager',1,'',NULL,NULL,NULL,'Cong viec 3','2014-08-28 15:08:20.011000','001','user',0,10,0,'2014-08-31 00:00:00.000000','',NULL,NULL,NULL,NULL,NULL,'2014-08-28 15:09:36.618000',NULL,NULL,NULL,'000','Mr Admin',0,NULL,NULL,'Task',1,'C\u00f4ng vi\u1ec7c','2014-08-01 00:00:00.000000','Confirm','Cong viec 3',NULL,6,1,NULL,5)
COMMIT
DELETE FROM REQUEST WHERE ID=11
INSERT INTO REQUEST VALUES(11,'010','Mr Manager',1,'',NULL,NULL,NULL,'Cong viec 3','2014-08-28 15:08:20.011000','001','user',0,10,0,'2014-08-31 00:00:00.000000','',NULL,NULL,NULL,NULL,NULL,'2014-08-28 15:09:36.618000',NULL,NULL,NULL,'000','Mr Admin',1,NULL,NULL,'Task',1,'C\u00f4ng vi\u1ec7c','2014-08-01 00:00:00.000000','Confirm','Cong viec 3',NULL,6,1,NULL,5)
COMMIT
/*C11*/DISCONNECT
/*C12*/DISCONNECT
/*C14*/DISCONNECT
/*C15*/SET SCHEMA PUBLIC
DISCONNECT
/*C16*/SET SCHEMA PUBLIC
DISCONNECT
/*C17*/SET SCHEMA PUBLIC
DELETE FROM REQUEST WHERE ID=11
INSERT INTO REQUEST VALUES(11,'010','Mr Manager',0,'',NULL,NULL,'Mr Admin (28-08-2014) : Ch\u00c6\u00b0a xong m\u00c3\u00a0 \u000a','Cong viec 3','2014-08-28 15:08:20.011000','001','user',0,10,0,'2014-08-31 00:00:00.000000','',NULL,NULL,NULL,NULL,NULL,'2014-08-28 16:34:19.767000',NULL,NULL,NULL,'000','Mr Admin',1,NULL,NULL,'Task',1,'C\u00f4ng vi\u1ec7c','2014-08-01 00:00:00.000000','Doing','Cong viec 3',NULL,6,1,NULL,5)
COMMIT
/*C9*/SET SCHEMA PUBLIC
DELETE FROM REQUEST WHERE ID=11
INSERT INTO REQUEST VALUES(11,'010','Mr Manager',0,'',NULL,NULL,'Mr Admin (28-08-2014) : Ch\u00c6\u00b0a xong m\u00c3\u00a0 \u000a','Cong viec 3','2014-08-28 15:08:20.011000','001','user',0,10,0,'2014-08-31 00:00:00.000000','',NULL,NULL,NULL,NULL,NULL,'2014-08-28 16:34:19.767000',NULL,NULL,NULL,'000','Mr Admin',1,NULL,NULL,'Task',1,'C\u00f4ng vi\u1ec7c','2014-08-01 00:00:00.000000','Confirm','Cong viec 3',NULL,6,1,NULL,5)
COMMIT
/*C17*/DISCONNECT
/*C18*/SET SCHEMA PUBLIC
DISCONNECT
/*C19*/SET SCHEMA PUBLIC
DISCONNECT
/*C21*/SET SCHEMA PUBLIC
DISCONNECT
/*C20*/SET SCHEMA PUBLIC
DISCONNECT
/*C22*/SET SCHEMA PUBLIC
DISCONNECT
/*C23*/SET SCHEMA PUBLIC
DELETE FROM REQUEST WHERE ID=11
INSERT INTO REQUEST VALUES(11,'010','Mr Manager',0,'',NULL,NULL,'Mr Admin (28-08-2014) : Ch\u00c6\u00b0a xong m\u00c3\u00a0 \u000a','Cong viec 3','2014-08-28 15:08:20.011000','001','user',0,10,0,'2014-08-31 00:00:00.000000','',NULL,NULL,NULL,NULL,NULL,'2014-08-28 16:34:19.767000',NULL,NULL,NULL,'000','Mr Admin',1,NULL,NULL,'Task',1,'C\u00f4ng vi\u1ec7c','2014-08-01 00:00:00.000000','Done','Cong viec 3',NULL,6,1,NULL,5)
COMMIT
/*C9*/DELETE FROM REQUEST WHERE ID=11
INSERT INTO REQUEST VALUES(11,'010','Mr Manager',0,'',NULL,NULL,'Mr Admin (28-08-2014) : Ch\u00c6\u00b0a xong m\u00c3\u00a0 \u000a','Cong viec 3','2014-08-28 15:08:20.011000','001','user',0,10,0,'2014-08-31 00:00:00.000000','',NULL,NULL,NULL,NULL,NULL,'2014-08-28 16:34:19.767000',NULL,NULL,NULL,'000','Mr Admin',1,NULL,NULL,'Task',1,'C\u00f4ng vi\u1ec7c','2014-08-01 00:00:00.000000','Confirm','Cong viec 3',NULL,6,1,NULL,5)
COMMIT
/*C24*/SET SCHEMA PUBLIC
DISCONNECT
/*C23*/DISCONNECT
/*C25*/SET SCHEMA PUBLIC
DISCONNECT
/*C27*/SET SCHEMA PUBLIC
DELETE FROM REQUEST WHERE ID=11
INSERT INTO REQUEST VALUES(11,'010','Mr Manager',0,'',NULL,NULL,'Mr Admin (28-08-2014) : Ch\u00c6\u00b0a xong m\u00c3\u00a0 \u000a','Cong viec 3','2014-08-28 15:08:20.011000','001','user',0,10,0,'2014-08-31 00:00:00.000000','',NULL,NULL,NULL,NULL,NULL,'2014-08-28 16:34:19.767000',NULL,NULL,NULL,'000','Mr Admin',1,NULL,NULL,'Task',1,'C\u00f4ng vi\u1ec7c','2014-08-01 00:00:00.000000','Done','Cong viec 3',NULL,6,1,NULL,5)
COMMIT
DISCONNECT
/*C26*/SET SCHEMA PUBLIC
DISCONNECT
/*C28*/SET SCHEMA PUBLIC
DISCONNECT
/*C29*/SET SCHEMA PUBLIC
DISCONNECT
